<?xml version="1.0" encoding="UTF-8"?>
<testsuite xmlns:xsi="http://www.w3.org/2001/XMLSchema-instance" xsi:noNamespaceSchemaLocation="https://maven.apache.org/surefire/maven-surefire-plugin/xsd/surefire-test-report.xsd" version="3.0.2" name="TestSuite" time="177.098" tests="5" errors="0" skipped="0" failures="0">
  <properties>
    <property name="java.specification.version" value="21"/>
    <property name="webdriver.chrome.driver" value="C:\Users\2421375\.cache\selenium\chromedriver\win64\138.0.7204.183\chromedriver.exe"/>
    <property name="sun.cpu.isalist" value="amd64"/>
    <property name="sun.jnu.encoding" value="Cp1252"/>
    <property name="java.class.path" value="C:\Users\2421375\Downloads\IdentifyCourses 2\IdentifyCourses\IdentifyCourses2\target\test-classes;C:\Users\2421375\Downloads\IdentifyCourses 2\IdentifyCourses\IdentifyCourses2\target\classes;C:\Users\2421375\.m2\repository\org\seleniumhq\selenium\selenium-java\4.34.0\selenium-java-4.34.0.jar;C:\Users\2421375\.m2\repository\org\seleniumhq\selenium\selenium-api\4.34.0\selenium-api-4.34.0.jar;C:\Users\2421375\.m2\repository\org\jspecify\jspecify\1.0.0\jspecify-1.0.0.jar;C:\Users\2421375\.m2\repository\org\seleniumhq\selenium\selenium-chrome-driver\4.34.0\selenium-chrome-driver-4.34.0.jar;C:\Users\2421375\.m2\repository\com\google\auto\service\auto-service-annotations\1.1.1\auto-service-annotations-1.1.1.jar;C:\Users\2421375\.m2\repository\org\seleniumhq\selenium\selenium-chromium-driver\4.34.0\selenium-chromium-driver-4.34.0.jar;C:\Users\2421375\.m2\repository\org\seleniumhq\selenium\selenium-json\4.34.0\selenium-json-4.34.0.jar;C:\Users\2421375\.m2\repository\org\seleniumhq\selenium\selenium-manager\4.34.0\selenium-manager-4.34.0.jar;C:\Users\2421375\.m2\repository\org\seleniumhq\selenium\selenium-devtools-v136\4.34.0\selenium-devtools-v136-4.34.0.jar;C:\Users\2421375\.m2\repository\org\seleniumhq\selenium\selenium-devtools-v137\4.34.0\selenium-devtools-v137-4.34.0.jar;C:\Users\2421375\.m2\repository\org\seleniumhq\selenium\selenium-devtools-v138\4.34.0\selenium-devtools-v138-4.34.0.jar;C:\Users\2421375\.m2\repository\org\seleniumhq\selenium\selenium-edge-driver\4.34.0\selenium-edge-driver-4.34.0.jar;C:\Users\2421375\.m2\repository\org\seleniumhq\selenium\selenium-firefox-driver\4.34.0\selenium-firefox-driver-4.34.0.jar;C:\Users\2421375\.m2\repository\org\seleniumhq\selenium\selenium-http\4.34.0\selenium-http-4.34.0.jar;C:\Users\2421375\.m2\repository\org\seleniumhq\selenium\selenium-ie-driver\4.34.0\selenium-ie-driver-4.34.0.jar;C:\Users\2421375\.m2\repository\org\seleniumhq\selenium\selenium-remote-driver\4.34.0\selenium-remote-driver-4.34.0.jar;C:\Users\2421375\.m2\repository\com\google\guava\guava\33.4.8-jre\guava-33.4.8-jre.jar;C:\Users\2421375\.m2\repository\com\google\guava\failureaccess\1.0.3\failureaccess-1.0.3.jar;C:\Users\2421375\.m2\repository\com\google\guava\listenablefuture\9999.0-empty-to-avoid-conflict-with-guava\listenablefuture-9999.0-empty-to-avoid-conflict-with-guava.jar;C:\Users\2421375\.m2\repository\com\google\j2objc\j2objc-annotations\3.0.0\j2objc-annotations-3.0.0.jar;C:\Users\2421375\.m2\repository\io\opentelemetry\opentelemetry-api\1.51.0\opentelemetry-api-1.51.0.jar;C:\Users\2421375\.m2\repository\io\opentelemetry\opentelemetry-context\1.51.0\opentelemetry-context-1.51.0.jar;C:\Users\2421375\.m2\repository\io\opentelemetry\opentelemetry-exporter-logging\1.51.0\opentelemetry-exporter-logging-1.51.0.jar;C:\Users\2421375\.m2\repository\io\opentelemetry\opentelemetry-sdk-common\1.51.0\opentelemetry-sdk-common-1.51.0.jar;C:\Users\2421375\.m2\repository\io\opentelemetry\opentelemetry-sdk-extension-autoconfigure-spi\1.51.0\opentelemetry-sdk-extension-autoconfigure-spi-1.51.0.jar;C:\Users\2421375\.m2\repository\io\opentelemetry\opentelemetry-sdk-extension-autoconfigure\1.51.0\opentelemetry-sdk-extension-autoconfigure-1.51.0.jar;C:\Users\2421375\.m2\repository\io\opentelemetry\opentelemetry-sdk-trace\1.51.0\opentelemetry-sdk-trace-1.51.0.jar;C:\Users\2421375\.m2\repository\io\opentelemetry\opentelemetry-sdk\1.51.0\opentelemetry-sdk-1.51.0.jar;C:\Users\2421375\.m2\repository\io\opentelemetry\opentelemetry-sdk-metrics\1.51.0\opentelemetry-sdk-metrics-1.51.0.jar;C:\Users\2421375\.m2\repository\io\opentelemetry\opentelemetry-sdk-logs\1.51.0\opentelemetry-sdk-logs-1.51.0.jar;C:\Users\2421375\.m2\repository\net\bytebuddy\byte-buddy\1.17.6\byte-buddy-1.17.6.jar;C:\Users\2421375\.m2\repository\org\seleniumhq\selenium\selenium-os\4.34.0\selenium-os-4.34.0.jar;C:\Users\2421375\.m2\repository\org\apache\commons\commons-exec\1.5.0\commons-exec-1.5.0.jar;C:\Users\2421375\.m2\repository\org\seleniumhq\selenium\selenium-safari-driver\4.34.0\selenium-safari-driver-4.34.0.jar;C:\Users\2421375\.m2\repository\org\seleniumhq\selenium\selenium-support\4.34.0\selenium-support-4.34.0.jar;C:\Users\2421375\.m2\repository\org\testng\testng\7.11.0\testng-7.11.0.jar;C:\Users\2421375\.m2\repository\org\slf4j\slf4j-api\2.0.16\slf4j-api-2.0.16.jar;C:\Users\2421375\.m2\repository\org\jcommander\jcommander\1.83\jcommander-1.83.jar;C:\Users\2421375\.m2\repository\org\webjars\jquery\3.7.1\jquery-3.7.1.jar;C:\Users\2421375\.m2\repository\org\apache\poi\poi\5.4.1\poi-5.4.1.jar;C:\Users\2421375\.m2\repository\commons-codec\commons-codec\1.18.0\commons-codec-1.18.0.jar;C:\Users\2421375\.m2\repository\org\apache\commons\commons-collections4\4.4\commons-collections4-4.4.jar;C:\Users\2421375\.m2\repository\org\apache\commons\commons-math3\3.6.1\commons-math3-3.6.1.jar;C:\Users\2421375\.m2\repository\commons-io\commons-io\2.18.0\commons-io-2.18.0.jar;C:\Users\2421375\.m2\repository\com\zaxxer\SparseBitSet\1.3\SparseBitSet-1.3.jar;C:\Users\2421375\.m2\repository\org\apache\poi\poi-ooxml\5.4.1\poi-ooxml-5.4.1.jar;C:\Users\2421375\.m2\repository\org\apache\poi\poi-ooxml-lite\5.4.1\poi-ooxml-lite-5.4.1.jar;C:\Users\2421375\.m2\repository\org\apache\xmlbeans\xmlbeans\5.3.0\xmlbeans-5.3.0.jar;C:\Users\2421375\.m2\repository\org\apache\commons\commons-compress\1.27.1\commons-compress-1.27.1.jar;C:\Users\2421375\.m2\repository\com\github\virtuald\curvesapi\1.08\curvesapi-1.08.jar;C:\Users\2421375\.m2\repository\io\github\bonigarcia\webdrivermanager\6.2.0\webdrivermanager-6.2.0.jar;C:\Users\2421375\.m2\repository\com\google\code\gson\gson\2.13.1\gson-2.13.1.jar;C:\Users\2421375\.m2\repository\com\google\errorprone\error_prone_annotations\2.38.0\error_prone_annotations-2.38.0.jar;C:\Users\2421375\.m2\repository\com\github\docker-java\docker-java\3.5.3\docker-java-3.5.3.jar;C:\Users\2421375\.m2\repository\com\github\docker-java\docker-java-core\3.5.3\docker-java-core-3.5.3.jar;C:\Users\2421375\.m2\repository\com\github\docker-java\docker-java-api\3.5.3\docker-java-api-3.5.3.jar;C:\Users\2421375\.m2\repository\org\slf4j\jcl-over-slf4j\1.7.30\jcl-over-slf4j-1.7.30.jar;C:\Users\2421375\.m2\repository\com\github\docker-java\docker-java-transport-httpclient5\3.5.3\docker-java-transport-httpclient5-3.5.3.jar;C:\Users\2421375\.m2\repository\com\github\docker-java\docker-java-transport\3.5.3\docker-java-transport-3.5.3.jar;C:\Users\2421375\.m2\repository\net\java\dev\jna\jna\5.17.0\jna-5.17.0.jar;C:\Users\2421375\.m2\repository\org\brotli\dec\0.1.2\dec-0.1.2.jar;C:\Users\2421375\.m2\repository\org\apache\commons\commons-lang3\3.18.0\commons-lang3-3.18.0.jar;C:\Users\2421375\.m2\repository\org\apache\httpcomponents\client5\httpclient5\5.4.3\httpclient5-5.4.3.jar;C:\Users\2421375\.m2\repository\org\apache\httpcomponents\core5\httpcore5\5.3.4\httpcore5-5.3.4.jar;C:\Users\2421375\.m2\repository\org\apache\httpcomponents\core5\httpcore5-h2\5.3.4\httpcore5-h2-5.3.4.jar;C:\Users\2421375\.m2\repository\net\java\dev\jna\jna-platform\5.17.0\jna-platform-5.17.0.jar;C:\Users\2421375\.m2\repository\org\apache\logging\log4j\log4j-core\2.25.1\log4j-core-2.25.1.jar;C:\Users\2421375\.m2\repository\org\apache\logging\log4j\log4j-api\2.25.1\log4j-api-2.25.1.jar;C:\Users\2421375\.m2\repository\org\apache\logging\log4j\log4j-slf4j2-impl\2.25.1\log4j-slf4j2-impl-2.25.1.jar;C:\Users\2421375\.m2\repository\io\cucumber\cucumber-java\7.14.0\cucumber-java-7.14.0.jar;C:\Users\2421375\.m2\repository\io\cucumber\cucumber-core\7.14.0\cucumber-core-7.14.0.jar;C:\Users\2421375\.m2\repository\io\cucumber\cucumber-gherkin\7.14.0\cucumber-gherkin-7.14.0.jar;C:\Users\2421375\.m2\repository\io\cucumber\cucumber-gherkin-messages\7.14.0\cucumber-gherkin-messages-7.14.0.jar;C:\Users\2421375\.m2\repository\io\cucumber\gherkin\26.2.0\gherkin-26.2.0.jar;C:\Users\2421375\.m2\repository\io\cucumber\messages\22.0.0\messages-22.0.0.jar;C:\Users\2421375\.m2\repository\io\cucumber\tag-expressions\5.0.6\tag-expressions-5.0.6.jar;C:\Users\2421375\.m2\repository\io\cucumber\cucumber-expressions\16.1.2\cucumber-expressions-16.1.2.jar;C:\Users\2421375\.m2\repository\io\cucumber\datatable\7.14.0\datatable-7.14.0.jar;C:\Users\2421375\.m2\repository\io\cucumber\cucumber-plugin\7.14.0\cucumber-plugin-7.14.0.jar;C:\Users\2421375\.m2\repository\io\cucumber\docstring\7.14.0\docstring-7.14.0.jar;C:\Users\2421375\.m2\repository\io\cucumber\html-formatter\20.4.0\html-formatter-20.4.0.jar;C:\Users\2421375\.m2\repository\io\cucumber\junit-xml-formatter\0.2.0\junit-xml-formatter-0.2.0.jar;C:\Users\2421375\.m2\repository\io\cucumber\ci-environment\9.2.0\ci-environment-9.2.0.jar;C:\Users\2421375\.m2\repository\org\apiguardian\apiguardian-api\1.1.2\apiguardian-api-1.1.2.jar;C:\Users\2421375\.m2\repository\io\cucumber\cucumber-testng\7.14.0\cucumber-testng-7.14.0.jar;C:\Users\2421375\.m2\repository\io\cucumber\cucumber-junit\7.14.0\cucumber-junit-7.14.0.jar;C:\Users\2421375\.m2\repository\junit\junit\4.13.2\junit-4.13.2.jar;C:\Users\2421375\.m2\repository\org\hamcrest\hamcrest-core\1.3\hamcrest-core-1.3.jar;C:\Users\2421375\.m2\repository\io\qameta\allure\allure-cucumber7-jvm\2.29.0\allure-cucumber7-jvm-2.29.0.jar;C:\Users\2421375\.m2\repository\io\qameta\allure\allure-java-commons\2.29.0\allure-java-commons-2.29.0.jar;C:\Users\2421375\.m2\repository\io\qameta\allure\allure-model\2.29.0\allure-model-2.29.0.jar;C:\Users\2421375\.m2\repository\io\qameta\allure\allure-testng\2.29.0\allure-testng-2.29.0.jar;C:\Users\2421375\.m2\repository\io\qameta\allure\allure-test-filter\2.29.0\allure-test-filter-2.29.0.jar;C:\Users\2421375\.m2\repository\net\masterthought\maven-cucumber-reporting\5.9.0\maven-cucumber-reporting-5.9.0.jar;C:\Users\2421375\.m2\repository\org\codehaus\plexus\plexus-utils\4.0.2\plexus-utils-4.0.2.jar;C:\Users\2421375\.m2\repository\net\masterthought\cucumber-reporting\5.9.0\cucumber-reporting-5.9.0.jar;C:\Users\2421375\.m2\repository\com\fasterxml\jackson\core\jackson-databind\2.18.3\jackson-databind-2.18.3.jar;C:\Users\2421375\.m2\repository\com\fasterxml\jackson\core\jackson-annotations\2.18.3\jackson-annotations-2.18.3.jar;C:\Users\2421375\.m2\repository\com\fasterxml\jackson\core\jackson-core\2.18.3\jackson-core-2.18.3.jar;C:\Users\2421375\.m2\repository\com\fasterxml\jackson\datatype\jackson-datatype-jsr310\2.18.3\jackson-datatype-jsr310-2.18.3.jar;C:\Users\2421375\.m2\repository\org\apache\velocity\velocity-engine-core\2.4.1\velocity-engine-core-2.4.1.jar;C:\Users\2421375\.m2\repository\joda-time\joda-time\2.13.1\joda-time-2.13.1.jar;C:\Users\2421375\.m2\repository\org\apache\commons\commons-configuration2\2.11.0\commons-configuration2-2.11.0.jar;C:\Users\2421375\.m2\repository\org\apache\commons\commons-text\1.13.0\commons-text-1.13.0.jar;C:\Users\2421375\.m2\repository\org\jsoup\jsoup\1.20.1\jsoup-1.20.1.jar;C:\Users\2421375\.m2\repository\com\googlecode\owasp-java-html-sanitizer\owasp-java-html-sanitizer\20240325.1\owasp-java-html-sanitizer-20240325.1.jar;C:\Users\2421375\.m2\repository\com\googlecode\owasp-java-html-sanitizer\java8-shim\20240325.1\java8-shim-20240325.1.jar;C:\Users\2421375\.m2\repository\com\googlecode\owasp-java-html-sanitizer\java10-shim\20240325.1\java10-shim-20240325.1.jar;"/>
    <property name="java.vm.vendor" value="Eclipse Adoptium"/>
    <property name="sun.arch.data.model" value="64"/>
    <property name="user.variant" value=""/>
    <property name="java.vendor.url" value="https://adoptium.net/"/>
    <property name="user.timezone" value="Asia/Calcutta"/>
    <property name="os.name" value="Windows 11"/>
    <property name="java.vm.specification.version" value="21"/>
    <property name="sun.java.launcher" value="SUN_STANDARD"/>
    <property name="user.country" value="IN"/>
    <property name="sun.boot.library.path" value="C:\eclipse\plugins\org.eclipse.justj.openjdk.hotspot.jre.full.win32.x86_64_21.0.6.v20250130-0529\jre\bin"/>
    <property name="sun.java.command" value="C:\Users\2421375\AppData\Local\Temp\surefire13618963593848273930\surefirebooter-20250901113312066_3.jar C:\Users\2421375\AppData\Local\Temp\surefire13618963593848273930 2025-09-01T11-33-11_853-jvmRun1 surefire-20250901113312066_1tmp surefire_0-20250901113312066_2tmp"/>
    <property name="jdk.debug" value="release"/>
    <property name="surefire.test.class.path" value="C:\Users\2421375\Downloads\IdentifyCourses 2\IdentifyCourses\IdentifyCourses2\target\test-classes;C:\Users\2421375\Downloads\IdentifyCourses 2\IdentifyCourses\IdentifyCourses2\target\classes;C:\Users\2421375\.m2\repository\org\seleniumhq\selenium\selenium-java\4.34.0\selenium-java-4.34.0.jar;C:\Users\2421375\.m2\repository\org\seleniumhq\selenium\selenium-api\4.34.0\selenium-api-4.34.0.jar;C:\Users\2421375\.m2\repository\org\jspecify\jspecify\1.0.0\jspecify-1.0.0.jar;C:\Users\2421375\.m2\repository\org\seleniumhq\selenium\selenium-chrome-driver\4.34.0\selenium-chrome-driver-4.34.0.jar;C:\Users\2421375\.m2\repository\com\google\auto\service\auto-service-annotations\1.1.1\auto-service-annotations-1.1.1.jar;C:\Users\2421375\.m2\repository\org\seleniumhq\selenium\selenium-chromium-driver\4.34.0\selenium-chromium-driver-4.34.0.jar;C:\Users\2421375\.m2\repository\org\seleniumhq\selenium\selenium-json\4.34.0\selenium-json-4.34.0.jar;C:\Users\2421375\.m2\repository\org\seleniumhq\selenium\selenium-manager\4.34.0\selenium-manager-4.34.0.jar;C:\Users\2421375\.m2\repository\org\seleniumhq\selenium\selenium-devtools-v136\4.34.0\selenium-devtools-v136-4.34.0.jar;C:\Users\2421375\.m2\repository\org\seleniumhq\selenium\selenium-devtools-v137\4.34.0\selenium-devtools-v137-4.34.0.jar;C:\Users\2421375\.m2\repository\org\seleniumhq\selenium\selenium-devtools-v138\4.34.0\selenium-devtools-v138-4.34.0.jar;C:\Users\2421375\.m2\repository\org\seleniumhq\selenium\selenium-edge-driver\4.34.0\selenium-edge-driver-4.34.0.jar;C:\Users\2421375\.m2\repository\org\seleniumhq\selenium\selenium-firefox-driver\4.34.0\selenium-firefox-driver-4.34.0.jar;C:\Users\2421375\.m2\repository\org\seleniumhq\selenium\selenium-http\4.34.0\selenium-http-4.34.0.jar;C:\Users\2421375\.m2\repository\org\seleniumhq\selenium\selenium-ie-driver\4.34.0\selenium-ie-driver-4.34.0.jar;C:\Users\2421375\.m2\repository\org\seleniumhq\selenium\selenium-remote-driver\4.34.0\selenium-remote-driver-4.34.0.jar;C:\Users\2421375\.m2\repository\com\google\guava\guava\33.4.8-jre\guava-33.4.8-jre.jar;C:\Users\2421375\.m2\repository\com\google\guava\failureaccess\1.0.3\failureaccess-1.0.3.jar;C:\Users\2421375\.m2\repository\com\google\guava\listenablefuture\9999.0-empty-to-avoid-conflict-with-guava\listenablefuture-9999.0-empty-to-avoid-conflict-with-guava.jar;C:\Users\2421375\.m2\repository\com\google\j2objc\j2objc-annotations\3.0.0\j2objc-annotations-3.0.0.jar;C:\Users\2421375\.m2\repository\io\opentelemetry\opentelemetry-api\1.51.0\opentelemetry-api-1.51.0.jar;C:\Users\2421375\.m2\repository\io\opentelemetry\opentelemetry-context\1.51.0\opentelemetry-context-1.51.0.jar;C:\Users\2421375\.m2\repository\io\opentelemetry\opentelemetry-exporter-logging\1.51.0\opentelemetry-exporter-logging-1.51.0.jar;C:\Users\2421375\.m2\repository\io\opentelemetry\opentelemetry-sdk-common\1.51.0\opentelemetry-sdk-common-1.51.0.jar;C:\Users\2421375\.m2\repository\io\opentelemetry\opentelemetry-sdk-extension-autoconfigure-spi\1.51.0\opentelemetry-sdk-extension-autoconfigure-spi-1.51.0.jar;C:\Users\2421375\.m2\repository\io\opentelemetry\opentelemetry-sdk-extension-autoconfigure\1.51.0\opentelemetry-sdk-extension-autoconfigure-1.51.0.jar;C:\Users\2421375\.m2\repository\io\opentelemetry\opentelemetry-sdk-trace\1.51.0\opentelemetry-sdk-trace-1.51.0.jar;C:\Users\2421375\.m2\repository\io\opentelemetry\opentelemetry-sdk\1.51.0\opentelemetry-sdk-1.51.0.jar;C:\Users\2421375\.m2\repository\io\opentelemetry\opentelemetry-sdk-metrics\1.51.0\opentelemetry-sdk-metrics-1.51.0.jar;C:\Users\2421375\.m2\repository\io\opentelemetry\opentelemetry-sdk-logs\1.51.0\opentelemetry-sdk-logs-1.51.0.jar;C:\Users\2421375\.m2\repository\net\bytebuddy\byte-buddy\1.17.6\byte-buddy-1.17.6.jar;C:\Users\2421375\.m2\repository\org\seleniumhq\selenium\selenium-os\4.34.0\selenium-os-4.34.0.jar;C:\Users\2421375\.m2\repository\org\apache\commons\commons-exec\1.5.0\commons-exec-1.5.0.jar;C:\Users\2421375\.m2\repository\org\seleniumhq\selenium\selenium-safari-driver\4.34.0\selenium-safari-driver-4.34.0.jar;C:\Users\2421375\.m2\repository\org\seleniumhq\selenium\selenium-support\4.34.0\selenium-support-4.34.0.jar;C:\Users\2421375\.m2\repository\org\testng\testng\7.11.0\testng-7.11.0.jar;C:\Users\2421375\.m2\repository\org\slf4j\slf4j-api\2.0.16\slf4j-api-2.0.16.jar;C:\Users\2421375\.m2\repository\org\jcommander\jcommander\1.83\jcommander-1.83.jar;C:\Users\2421375\.m2\repository\org\webjars\jquery\3.7.1\jquery-3.7.1.jar;C:\Users\2421375\.m2\repository\org\apache\poi\poi\5.4.1\poi-5.4.1.jar;C:\Users\2421375\.m2\repository\commons-codec\commons-codec\1.18.0\commons-codec-1.18.0.jar;C:\Users\2421375\.m2\repository\org\apache\commons\commons-collections4\4.4\commons-collections4-4.4.jar;C:\Users\2421375\.m2\repository\org\apache\commons\commons-math3\3.6.1\commons-math3-3.6.1.jar;C:\Users\2421375\.m2\repository\commons-io\commons-io\2.18.0\commons-io-2.18.0.jar;C:\Users\2421375\.m2\repository\com\zaxxer\SparseBitSet\1.3\SparseBitSet-1.3.jar;C:\Users\2421375\.m2\repository\org\apache\poi\poi-ooxml\5.4.1\poi-ooxml-5.4.1.jar;C:\Users\2421375\.m2\repository\org\apache\poi\poi-ooxml-lite\5.4.1\poi-ooxml-lite-5.4.1.jar;C:\Users\2421375\.m2\repository\org\apache\xmlbeans\xmlbeans\5.3.0\xmlbeans-5.3.0.jar;C:\Users\2421375\.m2\repository\org\apache\commons\commons-compress\1.27.1\commons-compress-1.27.1.jar;C:\Users\2421375\.m2\repository\com\github\virtuald\curvesapi\1.08\curvesapi-1.08.jar;C:\Users\2421375\.m2\repository\io\github\bonigarcia\webdrivermanager\6.2.0\webdrivermanager-6.2.0.jar;C:\Users\2421375\.m2\repository\com\google\code\gson\gson\2.13.1\gson-2.13.1.jar;C:\Users\2421375\.m2\repository\com\google\errorprone\error_prone_annotations\2.38.0\error_prone_annotations-2.38.0.jar;C:\Users\2421375\.m2\repository\com\github\docker-java\docker-java\3.5.3\docker-java-3.5.3.jar;C:\Users\2421375\.m2\repository\com\github\docker-java\docker-java-core\3.5.3\docker-java-core-3.5.3.jar;C:\Users\2421375\.m2\repository\com\github\docker-java\docker-java-api\3.5.3\docker-java-api-3.5.3.jar;C:\Users\2421375\.m2\repository\org\slf4j\jcl-over-slf4j\1.7.30\jcl-over-slf4j-1.7.30.jar;C:\Users\2421375\.m2\repository\com\github\docker-java\docker-java-transport-httpclient5\3.5.3\docker-java-transport-httpclient5-3.5.3.jar;C:\Users\2421375\.m2\repository\com\github\docker-java\docker-java-transport\3.5.3\docker-java-transport-3.5.3.jar;C:\Users\2421375\.m2\repository\net\java\dev\jna\jna\5.17.0\jna-5.17.0.jar;C:\Users\2421375\.m2\repository\org\brotli\dec\0.1.2\dec-0.1.2.jar;C:\Users\2421375\.m2\repository\org\apache\commons\commons-lang3\3.18.0\commons-lang3-3.18.0.jar;C:\Users\2421375\.m2\repository\org\apache\httpcomponents\client5\httpclient5\5.4.3\httpclient5-5.4.3.jar;C:\Users\2421375\.m2\repository\org\apache\httpcomponents\core5\httpcore5\5.3.4\httpcore5-5.3.4.jar;C:\Users\2421375\.m2\repository\org\apache\httpcomponents\core5\httpcore5-h2\5.3.4\httpcore5-h2-5.3.4.jar;C:\Users\2421375\.m2\repository\net\java\dev\jna\jna-platform\5.17.0\jna-platform-5.17.0.jar;C:\Users\2421375\.m2\repository\org\apache\logging\log4j\log4j-core\2.25.1\log4j-core-2.25.1.jar;C:\Users\2421375\.m2\repository\org\apache\logging\log4j\log4j-api\2.25.1\log4j-api-2.25.1.jar;C:\Users\2421375\.m2\repository\org\apache\logging\log4j\log4j-slf4j2-impl\2.25.1\log4j-slf4j2-impl-2.25.1.jar;C:\Users\2421375\.m2\repository\io\cucumber\cucumber-java\7.14.0\cucumber-java-7.14.0.jar;C:\Users\2421375\.m2\repository\io\cucumber\cucumber-core\7.14.0\cucumber-core-7.14.0.jar;C:\Users\2421375\.m2\repository\io\cucumber\cucumber-gherkin\7.14.0\cucumber-gherkin-7.14.0.jar;C:\Users\2421375\.m2\repository\io\cucumber\cucumber-gherkin-messages\7.14.0\cucumber-gherkin-messages-7.14.0.jar;C:\Users\2421375\.m2\repository\io\cucumber\gherkin\26.2.0\gherkin-26.2.0.jar;C:\Users\2421375\.m2\repository\io\cucumber\messages\22.0.0\messages-22.0.0.jar;C:\Users\2421375\.m2\repository\io\cucumber\tag-expressions\5.0.6\tag-expressions-5.0.6.jar;C:\Users\2421375\.m2\repository\io\cucumber\cucumber-expressions\16.1.2\cucumber-expressions-16.1.2.jar;C:\Users\2421375\.m2\repository\io\cucumber\datatable\7.14.0\datatable-7.14.0.jar;C:\Users\2421375\.m2\repository\io\cucumber\cucumber-plugin\7.14.0\cucumber-plugin-7.14.0.jar;C:\Users\2421375\.m2\repository\io\cucumber\docstring\7.14.0\docstring-7.14.0.jar;C:\Users\2421375\.m2\repository\io\cucumber\html-formatter\20.4.0\html-formatter-20.4.0.jar;C:\Users\2421375\.m2\repository\io\cucumber\junit-xml-formatter\0.2.0\junit-xml-formatter-0.2.0.jar;C:\Users\2421375\.m2\repository\io\cucumber\ci-environment\9.2.0\ci-environment-9.2.0.jar;C:\Users\2421375\.m2\repository\org\apiguardian\apiguardian-api\1.1.2\apiguardian-api-1.1.2.jar;C:\Users\2421375\.m2\repository\io\cucumber\cucumber-testng\7.14.0\cucumber-testng-7.14.0.jar;C:\Users\2421375\.m2\repository\io\cucumber\cucumber-junit\7.14.0\cucumber-junit-7.14.0.jar;C:\Users\2421375\.m2\repository\junit\junit\4.13.2\junit-4.13.2.jar;C:\Users\2421375\.m2\repository\org\hamcrest\hamcrest-core\1.3\hamcrest-core-1.3.jar;C:\Users\2421375\.m2\repository\io\qameta\allure\allure-cucumber7-jvm\2.29.0\allure-cucumber7-jvm-2.29.0.jar;C:\Users\2421375\.m2\repository\io\qameta\allure\allure-java-commons\2.29.0\allure-java-commons-2.29.0.jar;C:\Users\2421375\.m2\repository\io\qameta\allure\allure-model\2.29.0\allure-model-2.29.0.jar;C:\Users\2421375\.m2\repository\io\qameta\allure\allure-testng\2.29.0\allure-testng-2.29.0.jar;C:\Users\2421375\.m2\repository\io\qameta\allure\allure-test-filter\2.29.0\allure-test-filter-2.29.0.jar;C:\Users\2421375\.m2\repository\net\masterthought\maven-cucumber-reporting\5.9.0\maven-cucumber-reporting-5.9.0.jar;C:\Users\2421375\.m2\repository\org\codehaus\plexus\plexus-utils\4.0.2\plexus-utils-4.0.2.jar;C:\Users\2421375\.m2\repository\net\masterthought\cucumber-reporting\5.9.0\cucumber-reporting-5.9.0.jar;C:\Users\2421375\.m2\repository\com\fasterxml\jackson\core\jackson-databind\2.18.3\jackson-databind-2.18.3.jar;C:\Users\2421375\.m2\repository\com\fasterxml\jackson\core\jackson-annotations\2.18.3\jackson-annotations-2.18.3.jar;C:\Users\2421375\.m2\repository\com\fasterxml\jackson\core\jackson-core\2.18.3\jackson-core-2.18.3.jar;C:\Users\2421375\.m2\repository\com\fasterxml\jackson\datatype\jackson-datatype-jsr310\2.18.3\jackson-datatype-jsr310-2.18.3.jar;C:\Users\2421375\.m2\repository\org\apache\velocity\velocity-engine-core\2.4.1\velocity-engine-core-2.4.1.jar;C:\Users\2421375\.m2\repository\joda-time\joda-time\2.13.1\joda-time-2.13.1.jar;C:\Users\2421375\.m2\repository\org\apache\commons\commons-configuration2\2.11.0\commons-configuration2-2.11.0.jar;C:\Users\2421375\.m2\repository\org\apache\commons\commons-text\1.13.0\commons-text-1.13.0.jar;C:\Users\2421375\.m2\repository\org\jsoup\jsoup\1.20.1\jsoup-1.20.1.jar;C:\Users\2421375\.m2\repository\com\googlecode\owasp-java-html-sanitizer\owasp-java-html-sanitizer\20240325.1\owasp-java-html-sanitizer-20240325.1.jar;C:\Users\2421375\.m2\repository\com\googlecode\owasp-java-html-sanitizer\java8-shim\20240325.1\java8-shim-20240325.1.jar;C:\Users\2421375\.m2\repository\com\googlecode\owasp-java-html-sanitizer\java10-shim\20240325.1\java10-shim-20240325.1.jar;"/>
    <property name="sun.cpu.endian" value="little"/>
    <property name="user.home" value="C:\Users\2421375"/>
    <property name="user.language" value="en"/>
    <property name="java.specification.vendor" value="Oracle Corporation"/>
    <property name="java.version.date" value="2025-01-21"/>
    <property name="java.home" value="C:\eclipse\plugins\org.eclipse.justj.openjdk.hotspot.jre.full.win32.x86_64_21.0.6.v20250130-0529\jre"/>
    <property name="file.separator" value="\"/>
    <property name="basedir" value="C:\Users\2421375\Downloads\IdentifyCourses 2\IdentifyCourses\IdentifyCourses2"/>
    <property name="style.color" value="always"/>
    <property name="java.vm.compressedOopsMode" value="Zero based"/>
    <property name="line.separator" value="&#10;"/>
    <property name="java.vm.specification.vendor" value="Oracle Corporation"/>
    <property name="java.specification.name" value="Java Platform API Specification"/>
    <property name="surefire.real.class.path" value="C:\Users\2421375\AppData\Local\Temp\surefire13618963593848273930\surefirebooter-20250901113312066_3.jar"/>
    <property name="user.script" value=""/>
    <property name="sun.management.compiler" value="HotSpot 64-Bit Tiered Compilers"/>
    <property name="java.runtime.version" value="21.0.6+7-LTS"/>
    <property name="user.name" value="2421375"/>
    <property name="stdout.encoding" value="Cp1252"/>
    <property name="path.separator" value=";"/>
    <property name="os.version" value="10.0"/>
    <property name="java.runtime.name" value="OpenJDK Runtime Environment"/>
    <property name="file.encoding" value="UTF-8"/>
    <property name="java.vm.name" value="OpenJDK 64-Bit Server VM"/>
    <property name="java.vendor.version" value="Temurin-21.0.6+7"/>
    <property name="localRepository" value="C:\Users\2421375\.m2\repository"/>
    <property name="java.vendor.url.bug" value="https://github.com/adoptium/adoptium-support/issues"/>
    <property name="java.io.tmpdir" value="C:\Users\2421375\AppData\Local\Temp\"/>
    <property name="java.version" value="21.0.6"/>
    <property name="user.dir" value="C:\Users\2421375\Downloads\IdentifyCourses 2\IdentifyCourses\IdentifyCourses2"/>
    <property name="os.arch" value="amd64"/>
    <property name="java.vm.specification.name" value="Java Virtual Machine Specification"/>
    <property name="sun.os.patch.level" value=""/>
    <property name="native.encoding" value="Cp1252"/>
    <property name="java.library.path" value="C:\eclipse\plugins\org.eclipse.justj.openjdk.hotspot.jre.full.win32.x86_64_21.0.6.v20250130-0529\jre\bin;C:\windows\Sun\Java\bin;C:\windows\system32;C:\windows;C:/eclipse//plugins/org.eclipse.justj.openjdk.hotspot.jre.full.win32.x86_64_21.0.6.v20250130-0529/jre/bin/server;C:/eclipse//plugins/org.eclipse.justj.openjdk.hotspot.jre.full.win32.x86_64_21.0.6.v20250130-0529/jre/bin;C:\Program Files\Python313\Scripts\;C:\Program Files\Python313\;C:\Program Files\Common Files\Oracle\Java\javapath;C:\windows\system32;C:\windows;C:\windows\System32\Wbem;C:\windows\System32\WindowsPowerShell\v1.0\;C:\windows\System32\OpenSSH\;C:\Program Files\cursor\resources\app\bin;C:\Program Files\Git\cmd;C:\Users\2421375\allure-2.29.0\bin;C:\Maven 3.9.9\apache-maven-3.9.9-bin\apache-maven-3.9.9\bin;C:\Users\2421375\AppData\Local\Microsoft\WindowsApps;;C:\eclipse;;."/>
    <property name="java.vm.info" value="mixed mode, sharing"/>
    <property name="stderr.encoding" value="Cp1252"/>
    <property name="java.vendor" value="Eclipse Adoptium"/>
    <property name="java.vm.version" value="21.0.6+7-LTS"/>
    <property name="sun.io.unicode.encoding" value="UnicodeLittle"/>
    <property name="java.class.version" value="65.0"/>
  </properties>
  <testcase name="runScenario[&quot;Search a course from the homepage&quot;, &quot;Search Courses on Coursera&quot;](1)" classname="com.identifycourses.runners.TestRunner" time="20.363">
    <system-out><![CDATA[11:33:14.127 [main] WARN  org.testng.xml.TestNGContentHandler - It is strongly recommended to add "<!DOCTYPE suite SYSTEM "https://testng.org/testng-1.1.dtd" >" at the top of the suite file [C:\Users\2421375\Downloads\IdentifyCourses 2\IdentifyCourses\IdentifyCourses2\src\test\resources\testng.xml] otherwise TestNG may fail or not work as expected.

@search
Scenario: Search a course from the homepage          # src/test/resources/features/1_search_courses.feature:4
11:33:15.631 [main] INFO  com.identifycourses.utils.ConfigReader - Configuration properties loaded successfully
11:33:15.633 [main] INFO  com.identifycourses.base.DriverSetup - Initializing WebDriver for browser: chrome
11:33:18.400 [main] INFO  io.github.bonigarcia.wdm.WebDriverManager - Using chromedriver 138.0.7204.183 (resolved driver for Chrome 138)
11:33:18.437 [main] INFO  io.github.bonigarcia.wdm.WebDriverManager - Exporting webdriver.chrome.driver as C:\Users\2421375\.cache\selenium\chromedriver\win64\138.0.7204.183\chromedriver.exe
11:33:21.138 [main] INFO  com.identifycourses.base.DriverSetup - WebDriver initialized successfully
11:33:21.139 [main] INFO  com.identifycourses.base.DriverSetup - Navigating to application URL: https://coursera.org/
  Given the browser is open on the Coursera homepage # com.identifycourses.stepdefinitions.SearchCoursesSteps.the_browser_is_open_on_the_coursera_homepage()
11:33:25.850 [main] INFO  com.identifycourses.pages.HomePage - Attempting search
11:33:30.792 [main] INFO  com.identifycourses.pages.HomePage - searching
  When the user searches for "web development"       # com.identifycourses.stepdefinitions.SearchCoursesSteps.the_user_searches_for(java.lang.String)
11:33:30.803 [main] INFO  com.identifycourses.base.DriverSetup - Closing browser and cleaning up resources
11:33:35.840 [main] INFO  com.identifycourses.base.DriverSetup - Browser closed successfully
]]></system-out>
  </testcase>
  <testcase name="runScenario[&quot;Filter beginner English courses and extract details&quot;, &quot;Filter courses and extract details&quot;](2)" classname="com.identifycourses.runners.TestRunner" time="21.58">
    <system-out><![CDATA[
@filter
Scenario: Filter beginner English courses and extract details # src/test/resources/features/2_filter_extract.feature:4
11:33:35.908 [main] INFO  com.identifycourses.base.DriverSetup - Initializing WebDriver for browser: chrome
11:33:35.943 [main] INFO  io.github.bonigarcia.wdm.WebDriverManager - Using chromedriver 138.0.7204.183 (resolved driver for Chrome 138)
11:33:35.956 [main] INFO  io.github.bonigarcia.wdm.WebDriverManager - Exporting webdriver.chrome.driver as C:\Users\2421375\.cache\selenium\chromedriver\win64\138.0.7204.183\chromedriver.exe
11:33:38.068 [main] INFO  com.identifycourses.base.DriverSetup - WebDriver initialized successfully
11:33:38.068 [main] INFO  com.identifycourses.base.DriverSetup - Navigating to application URL: https://coursera.org/
  Given the browser is open on the Coursera homepage          # com.identifycourses.stepdefinitions.SearchCoursesSteps.the_browser_is_open_on_the_coursera_homepage()
11:33:43.276 [main] INFO  com.identifycourses.pages.HomePage - Attempting search
11:33:47.373 [main] INFO  com.identifycourses.pages.HomePage - searching
  When the user searches for "web development"                # com.identifycourses.stepdefinitions.SearchCoursesSteps.the_user_searches_for(java.lang.String)
11:33:47.545 [main] INFO  com.identifycourses.pages.SearchPage - Scrolling to English language element
11:33:47.590 [main] INFO  com.identifycourses.pages.SearchPage - Clicking English language element
11:33:50.051 [main] INFO  com.identifycourses.pages.SearchPage - Clicked English language element
  And the user filters beginner level and English language    # com.identifycourses.stepdefinitions.FilterExtractSteps.the_user_filters_beginner_level_and_english_language()
11:33:51.363 [main] INFO  com.identifycourses.pages.SearchPage - Course Name - HTML, CSS, and Javascript for Web Developers
11:33:51.364 [main] INFO  com.identifycourses.pages.SearchPage - Rating - 4.5
11:33:51.365 [main] INFO  com.identifycourses.pages.SearchPage - Duration - 1 - 4 Weeks
11:33:51.701 [main] INFO  com.identifycourses.pages.SearchPage - Course Name - Java Programming and Software Engineering Fundamentals
11:33:51.701 [main] INFO  com.identifycourses.pages.SearchPage - Rating - 4.5
11:33:51.703 [main] INFO  com.identifycourses.pages.SearchPage - Duration - 1 - 4 Weeks
11:33:51.736 [main] INFO  com.identifycourses.utils.CsvUtil - Wrote 2 search result(s) to C:\Users\2421375\Downloads\IdentifyCourses 2\IdentifyCourses\IdentifyCourses2\src\test\resources\testdata\course_details.csv
  Then the user extracts top results                          # com.identifycourses.stepdefinitions.FilterExtractSteps.the_user_extracts_top_results()
11:33:51.738 [main] INFO  com.identifycourses.base.DriverSetup - Closing browser and cleaning up resources
11:33:57.457 [main] INFO  com.identifycourses.base.DriverSetup - Browser closed successfully
]]></system-out>
  </testcase>
  <testcase name="runScenario[&quot;Open language learning and fetch languages and levels&quot;, &quot;Explore Language Learning details&quot;](3)" classname="com.identifycourses.runners.TestRunner" time="28.448">
    <system-out><![CDATA[
@language_details
Scenario: Open language learning and fetch languages and levels   # src/test/resources/features/3_language_details.feature:4
11:33:57.490 [main] INFO  com.identifycourses.base.DriverSetup - Initializing WebDriver for browser: chrome
11:33:57.516 [main] INFO  io.github.bonigarcia.wdm.WebDriverManager - Using chromedriver 138.0.7204.183 (resolved driver for Chrome 138)
11:33:57.531 [main] INFO  io.github.bonigarcia.wdm.WebDriverManager - Exporting webdriver.chrome.driver as C:\Users\2421375\.cache\selenium\chromedriver\win64\138.0.7204.183\chromedriver.exe
11:33:59.667 [main] INFO  com.identifycourses.base.DriverSetup - WebDriver initialized successfully
11:33:59.669 [main] INFO  com.identifycourses.base.DriverSetup - Navigating to application URL: https://coursera.org/
  Given the browser is open on the Coursera homepage              # com.identifycourses.stepdefinitions.SearchCoursesSteps.the_browser_is_open_on_the_coursera_homepage()
  And the user navigates to language learning                     # com.identifycourses.stepdefinitions.LanguageDetailsSteps.the_user_navigates_to_language_learning()
11:34:10.277 [main] INFO  com.identifycourses.pages.LanguageLearningPage - Scrolling to Popular topics element
11:34:10.362 [main] INFO  com.identifycourses.pages.LanguageLearningPage - Feteching popular topics
11:34:14.391 [main] INFO  com.identifycourses.pages.LanguageLearningPage - Scrolling to Languages element
11:34:16.777 [main] INFO  com.identifycourses.pages.LanguageLearningPage - Language - English
11:34:16.779 [main] INFO  com.identifycourses.pages.LanguageLearningPage - Count - 8467
11:34:16.813 [main] INFO  com.identifycourses.pages.LanguageLearningPage - Language - Spanish
11:34:16.813 [main] INFO  com.identifycourses.pages.LanguageLearningPage - Count - 7314
11:34:16.848 [main] INFO  com.identifycourses.pages.LanguageLearningPage - Language - French
11:34:16.848 [main] INFO  com.identifycourses.pages.LanguageLearningPage - Count - 5852
11:34:16.868 [main] INFO  com.identifycourses.pages.LanguageLearningPage - Language - Portuguese
11:34:16.869 [main] INFO  com.identifycourses.pages.LanguageLearningPage - Count - 5833
11:34:16.901 [main] INFO  com.identifycourses.pages.LanguageLearningPage - Language - German
11:34:16.902 [main] INFO  com.identifycourses.pages.LanguageLearningPage - Count - 5683
11:34:16.925 [main] INFO  com.identifycourses.pages.LanguageLearningPage - Language - Arabic
11:34:16.926 [main] INFO  com.identifycourses.pages.LanguageLearningPage - Count - 5640
11:34:16.949 [main] INFO  com.identifycourses.pages.LanguageLearningPage - Language - Indonesian
11:34:16.949 [main] INFO  com.identifycourses.pages.LanguageLearningPage - Count - 5542
11:34:16.971 [main] INFO  com.identifycourses.pages.LanguageLearningPage - Language - Russian
11:34:16.971 [main] INFO  com.identifycourses.pages.LanguageLearningPage - Count - 5506
11:34:16.988 [main] INFO  com.identifycourses.pages.LanguageLearningPage - Language - Chinese
11:34:16.988 [main] INFO  com.identifycourses.pages.LanguageLearningPage - Count - 5442
11:34:17.006 [main] INFO  com.identifycourses.pages.LanguageLearningPage - Language - Hindi
11:34:17.008 [main] INFO  com.identifycourses.pages.LanguageLearningPage - Count - 5212
11:34:17.026 [main] INFO  com.identifycourses.pages.LanguageLearningPage - Language - Korean
11:34:17.027 [main] INFO  com.identifycourses.pages.LanguageLearningPage - Count - 5164
11:34:17.040 [main] INFO  com.identifycourses.pages.LanguageLearningPage - Language - Japanese
11:34:17.041 [main] INFO  com.identifycourses.pages.LanguageLearningPage - Count - 5151
11:34:17.059 [main] INFO  com.identifycourses.pages.LanguageLearningPage - Language - Turkish
11:34:17.059 [main] INFO  com.identifycourses.pages.LanguageLearningPage - Count - 5064
11:34:17.074 [main] INFO  com.identifycourses.pages.LanguageLearningPage - Language - Italian
11:34:17.074 [main] INFO  com.identifycourses.pages.LanguageLearningPage - Count - 5054
11:34:17.092 [main] INFO  com.identifycourses.pages.LanguageLearningPage - Language - Thai
11:34:17.092 [main] INFO  com.identifycourses.pages.LanguageLearningPage - Count - 5020
11:34:17.107 [main] INFO  com.identifycourses.pages.LanguageLearningPage - Language - Ukrainian
11:34:17.107 [main] INFO  com.identifycourses.pages.LanguageLearningPage - Count - 5000
11:34:17.127 [main] INFO  com.identifycourses.pages.LanguageLearningPage - Language - Greek
11:34:17.127 [main] INFO  com.identifycourses.pages.LanguageLearningPage - Count - 4966
11:34:17.150 [main] INFO  com.identifycourses.pages.LanguageLearningPage - Language - Dutch
11:34:17.150 [main] INFO  com.identifycourses.pages.LanguageLearningPage - Count - 4936
11:34:17.171 [main] INFO  com.identifycourses.pages.LanguageLearningPage - Language - Polish
11:34:17.171 [main] INFO  com.identifycourses.pages.LanguageLearningPage - Count - 4933
11:34:17.189 [main] INFO  com.identifycourses.pages.LanguageLearningPage - Language - Swedish
11:34:17.189 [main] INFO  com.identifycourses.pages.LanguageLearningPage - Count - 4899
11:34:17.205 [main] INFO  com.identifycourses.pages.LanguageLearningPage - Language - Kazakh
11:34:17.206 [main] INFO  com.identifycourses.pages.LanguageLearningPage - Count - 4760
11:34:17.227 [main] INFO  com.identifycourses.pages.LanguageLearningPage - Language - Vietnamese
11:34:17.228 [main] INFO  com.identifycourses.pages.LanguageLearningPage - Count - 3535
11:34:17.248 [main] INFO  com.identifycourses.pages.LanguageLearningPage - Language - Hungarian
11:34:17.249 [main] INFO  com.identifycourses.pages.LanguageLearningPage - Count - 3093
11:34:17.276 [main] INFO  com.identifycourses.pages.LanguageLearningPage - Language - Pushto
11:34:17.277 [main] INFO  com.identifycourses.pages.LanguageLearningPage - Count - 3044
11:34:17.308 [main] INFO  com.identifycourses.pages.LanguageLearningPage - Language - Urdu
11:34:17.308 [main] INFO  com.identifycourses.pages.LanguageLearningPage - Count - 2918
11:34:17.346 [main] INFO  com.identifycourses.pages.LanguageLearningPage - Language - Bengali
11:34:17.346 [main] INFO  com.identifycourses.pages.LanguageLearningPage - Count - 2911
11:34:17.369 [main] INFO  com.identifycourses.pages.LanguageLearningPage - Language - Azerbaijani
11:34:17.370 [main] INFO  com.identifycourses.pages.LanguageLearningPage - Count - 2900
11:34:17.387 [main] INFO  com.identifycourses.pages.LanguageLearningPage - Language - Oriya
11:34:17.387 [main] INFO  com.identifycourses.pages.LanguageLearningPage - Count - 488
11:34:17.409 [main] INFO  com.identifycourses.pages.LanguageLearningPage - Language - Uzbek
11:34:17.410 [main] INFO  com.identifycourses.pages.LanguageLearningPage - Count - 119
11:34:17.434 [main] INFO  com.identifycourses.pages.LanguageLearningPage - Language - Romanian
11:34:17.435 [main] INFO  com.identifycourses.pages.LanguageLearningPage - Count - 111
11:34:17.469 [main] INFO  com.identifycourses.pages.LanguageLearningPage - Language - Persian
11:34:17.470 [main] INFO  com.identifycourses.pages.LanguageLearningPage - Count - 109
11:34:17.493 [main] INFO  com.identifycourses.pages.LanguageLearningPage - Language - Serbian
11:34:17.493 [main] INFO  com.identifycourses.pages.LanguageLearningPage - Count - 44
11:34:17.513 [main] INFO  com.identifycourses.pages.LanguageLearningPage - Language - Catalan
11:34:17.513 [main] INFO  com.identifycourses.pages.LanguageLearningPage - Count - 39
11:34:17.533 [main] INFO  com.identifycourses.pages.LanguageLearningPage - Language - Hebrew
11:34:17.533 [main] INFO  com.identifycourses.pages.LanguageLearningPage - Count - 37
11:34:17.551 [main] INFO  com.identifycourses.pages.LanguageLearningPage - Language - Afrikaans
11:34:17.551 [main] INFO  com.identifycourses.pages.LanguageLearningPage - Count - 35
11:34:17.567 [main] INFO  com.identifycourses.pages.LanguageLearningPage - Language - Javanese
11:34:17.567 [main] INFO  com.identifycourses.pages.LanguageLearningPage - Count - 34
11:34:17.587 [main] INFO  com.identifycourses.pages.LanguageLearningPage - Language - Tamil
11:34:17.587 [main] INFO  com.identifycourses.pages.LanguageLearningPage - Count - 21
11:34:17.604 [main] INFO  com.identifycourses.pages.LanguageLearningPage - Language - Mongolian
11:34:17.605 [main] INFO  com.identifycourses.pages.LanguageLearningPage - Count - 16
11:34:17.620 [main] INFO  com.identifycourses.pages.LanguageLearningPage - Language - Telugu
11:34:17.620 [main] INFO  com.identifycourses.pages.LanguageLearningPage - Count - 15
11:34:17.636 [main] INFO  com.identifycourses.pages.LanguageLearningPage - Language - Czech
11:34:17.636 [main] INFO  com.identifycourses.pages.LanguageLearningPage - Count - 14
11:34:17.654 [main] INFO  com.identifycourses.pages.LanguageLearningPage - Language - Croatian
11:34:17.654 [main] INFO  com.identifycourses.pages.LanguageLearningPage - Count - 13
11:34:17.670 [main] INFO  com.identifycourses.pages.LanguageLearningPage - Language - Lithuanian
11:34:17.671 [main] INFO  com.identifycourses.pages.LanguageLearningPage - Count - 12
11:34:17.688 [main] INFO  com.identifycourses.pages.LanguageLearningPage - Language - Estonian
11:34:17.689 [main] INFO  com.identifycourses.pages.LanguageLearningPage - Count - 10
11:34:17.713 [main] INFO  com.identifycourses.pages.LanguageLearningPage - Language - Bulgarian
11:34:17.714 [main] INFO  com.identifycourses.pages.LanguageLearningPage - Count - 9
11:34:17.736 [main] INFO  com.identifycourses.pages.LanguageLearningPage - Language - Burmese
11:34:17.736 [main] INFO  com.identifycourses.pages.LanguageLearningPage - Count - 8
11:34:17.759 [main] INFO  com.identifycourses.pages.LanguageLearningPage - Language - Slovak
11:34:17.759 [main] INFO  com.identifycourses.pages.LanguageLearningPage - Count - 8
11:34:17.779 [main] INFO  com.identifycourses.pages.LanguageLearningPage - Language - Albanian
11:34:17.781 [main] INFO  com.identifycourses.pages.LanguageLearningPage - Count - 7
11:34:17.797 [main] INFO  com.identifycourses.pages.LanguageLearningPage - Language - Georgian
11:34:17.797 [main] INFO  com.identifycourses.pages.LanguageLearningPage - Count - 7
11:34:17.812 [main] INFO  com.identifycourses.pages.LanguageLearningPage - Language - Nepali
11:34:17.812 [main] INFO  com.identifycourses.pages.LanguageLearningPage - Count - 7
11:34:17.830 [main] INFO  com.identifycourses.pages.LanguageLearningPage - Language - Marathi
11:34:17.830 [main] INFO  com.identifycourses.pages.LanguageLearningPage - Count - 5
11:34:17.845 [main] INFO  com.identifycourses.pages.LanguageLearningPage - Language - Amharic
11:34:17.845 [main] INFO  com.identifycourses.pages.LanguageLearningPage - Count - 4
11:34:17.886 [main] INFO  com.identifycourses.pages.LanguageLearningPage - Language - Somali
11:34:17.887 [main] INFO  com.identifycourses.pages.LanguageLearningPage - Count - 4
11:34:17.924 [main] INFO  com.identifycourses.pages.LanguageLearningPage - Language - Swahili
11:34:17.924 [main] INFO  com.identifycourses.pages.LanguageLearningPage - Count - 4
11:34:17.951 [main] INFO  com.identifycourses.pages.LanguageLearningPage - Language - Tagalog
11:34:17.951 [main] INFO  com.identifycourses.pages.LanguageLearningPage - Count - 3
11:34:17.972 [main] INFO  com.identifycourses.pages.LanguageLearningPage - Language - Danish
11:34:17.972 [main] INFO  com.identifycourses.pages.LanguageLearningPage - Count - 2
11:34:17.988 [main] INFO  com.identifycourses.pages.LanguageLearningPage - Language - Finnish
11:34:17.988 [main] INFO  com.identifycourses.pages.LanguageLearningPage - Count - 1
11:34:18.004 [main] INFO  com.identifycourses.pages.LanguageLearningPage - Language - Kannada
11:34:18.005 [main] INFO  com.identifycourses.pages.LanguageLearningPage - Count - 1
11:34:18.020 [main] INFO  com.identifycourses.pages.LanguageLearningPage - Language - Khmer
11:34:18.020 [main] INFO  com.identifycourses.pages.LanguageLearningPage - Count - 1
11:34:18.036 [main] INFO  com.identifycourses.pages.LanguageLearningPage - Language - Kinyarwanda
11:34:18.037 [main] INFO  com.identifycourses.pages.LanguageLearningPage - Count - 1
11:34:18.053 [main] INFO  com.identifycourses.pages.LanguageLearningPage - Language - Latvian
11:34:18.053 [main] INFO  com.identifycourses.pages.LanguageLearningPage - Count - 1
11:34:18.066 [main] INFO  com.identifycourses.pages.LanguageLearningPage - Language - Macedonian
11:34:18.066 [main] INFO  com.identifycourses.pages.LanguageLearningPage - Count - 1
11:34:18.081 [main] INFO  com.identifycourses.pages.LanguageLearningPage - Language - Nyanja
11:34:18.081 [main] INFO  com.identifycourses.pages.LanguageLearningPage - Count - 1
11:34:18.096 [main] INFO  com.identifycourses.pages.LanguageLearningPage - Language - Slovenian
11:34:18.096 [main] INFO  com.identifycourses.pages.LanguageLearningPage - Count - 1
11:34:18.276 [main] INFO  com.identifycourses.utils.JsonUtil - Wrote language data to C:\Users\2421375\Downloads\IdentifyCourses 2\IdentifyCourses\IdentifyCourses2\src\test\resources\testdata\language_details.json (languages: 63, levels: 0)
11:34:18.277 [main] INFO  com.identifycourses.pages.LanguageLearningPage - Scrolling to Languages element
11:34:18.419 [main] INFO  com.identifycourses.pages.LanguageLearningPage - Language Level - Beginner
11:34:18.426 [main] INFO  com.identifycourses.pages.LanguageLearningPage - Count - 5107
11:34:18.469 [main] INFO  com.identifycourses.pages.LanguageLearningPage - Language Level - Intermediate
11:34:18.469 [main] INFO  com.identifycourses.pages.LanguageLearningPage - Count - 3165
11:34:18.504 [main] INFO  com.identifycourses.pages.LanguageLearningPage - Language Level - Advanced
11:34:18.506 [main] INFO  com.identifycourses.pages.LanguageLearningPage - Count - 359
11:34:18.535 [main] INFO  com.identifycourses.pages.LanguageLearningPage - Language Level - Mixed
11:34:18.535 [main] INFO  com.identifycourses.pages.LanguageLearningPage - Count - 1172
11:34:18.538 [main] INFO  com.identifycourses.utils.JsonUtil - Wrote language data to C:\Users\2421375\Downloads\IdentifyCourses 2\IdentifyCourses\IdentifyCourses2\src\test\resources\testdata\language_details.json (languages: 63, levels: 4)
  Then the user explores popular topics and fetches language data # com.identifycourses.stepdefinitions.LanguageDetailsSteps.the_user_explores_popular_topics_and_fetches_language_data()
11:34:18.543 [main] INFO  com.identifycourses.base.DriverSetup - Closing browser and cleaning up resources
11:34:25.905 [main] INFO  com.identifycourses.base.DriverSetup - Browser closed successfully
]]></system-out>
  </testcase>
  <testcase name="runScenario[&quot;Go to Enterprise Campus product page from the homepage&quot;, &quot;Navigate to Coursera Enterprise&quot;](4)" classname="com.identifycourses.runners.TestRunner" time="25.527">
    <system-out><![CDATA[
@enterprise_nav
Scenario: Go to Enterprise Campus product page from the homepage # src/test/resources/features/4_navigate_enterprise.feature:4
11:34:25.942 [main] INFO  com.identifycourses.base.DriverSetup - Initializing WebDriver for browser: chrome
11:34:25.983 [main] INFO  io.github.bonigarcia.wdm.WebDriverManager - Using chromedriver 138.0.7204.183 (resolved driver for Chrome 138)
11:34:25.991 [main] INFO  io.github.bonigarcia.wdm.WebDriverManager - Exporting webdriver.chrome.driver as C:\Users\2421375\.cache\selenium\chromedriver\win64\138.0.7204.183\chromedriver.exe
11:34:28.008 [main] INFO  com.identifycourses.base.DriverSetup - WebDriver initialized successfully
11:34:28.008 [main] INFO  com.identifycourses.base.DriverSetup - Navigating to application URL: https://coursera.org/
  Given the browser is open on the Coursera homepage             # com.identifycourses.stepdefinitions.SearchCoursesSteps.the_browser_is_open_on_the_coursera_homepage()
11:34:39.518 [main] INFO  com.identifycourses.pages.EnterprisePage - Scrolling to Campus Product element
  When the user goes to the enterprise campus product page       # com.identifycourses.stepdefinitions.EnterpriseNavigationSteps.the_user_goes_to_the_enterprise_campus_product_page()
11:34:45.676 [main] INFO  com.identifycourses.base.DriverSetup - Closing browser and cleaning up resources
11:34:51.440 [main] INFO  com.identifycourses.base.DriverSetup - Browser closed successfully
]]></system-out>
  </testcase>
  <testcase name="runScenario[&quot;Navigate to enterprise and fill the form from the homepage&quot;, &quot;Interact with Coursera Enterprise&quot;](5)" classname="com.identifycourses.runners.TestRunner" time="40.642">
    <system-out><![CDATA[
@enterprise_form
Scenario: Navigate to enterprise and fill the form from the homepage # src/test/resources/features/5_enterprise_form.feature:4
11:34:51.468 [main] INFO  com.identifycourses.base.DriverSetup - Initializing WebDriver for browser: chrome
11:34:51.505 [main] INFO  io.github.bonigarcia.wdm.WebDriverManager - Using chromedriver 138.0.7204.183 (resolved driver for Chrome 138)
11:34:51.518 [main] INFO  io.github.bonigarcia.wdm.WebDriverManager - Exporting webdriver.chrome.driver as C:\Users\2421375\.cache\selenium\chromedriver\win64\138.0.7204.183\chromedriver.exe
11:34:53.653 [main] INFO  com.identifycourses.base.DriverSetup - WebDriver initialized successfully
11:34:53.654 [main] INFO  com.identifycourses.base.DriverSetup - Navigating to application URL: https://coursera.org/
  Given the browser is open on the Coursera homepage                 # com.identifycourses.stepdefinitions.SearchCoursesSteps.the_browser_is_open_on_the_coursera_homepage()
11:35:04.391 [main] INFO  com.identifycourses.pages.EnterprisePage - Scrolling to Campus Product element
  When the user navigates to enterprise campus product page          # com.identifycourses.stepdefinitions.EnterpriseFormSteps.the_user_navigates_to_enterprise_campus_product_page()
11:35:09.945 [main] INFO  com.identifycourses.utils.ExcelUtil - Loading Excel file: src/test/resources/testdata/test_data.xlsx
11:35:12.358 [main] INFO  com.identifycourses.utils.ExcelUtil - Excel file loaded successfully
11:35:12.365 [main] INFO  com.identifycourses.utils.ExcelUtil - Sheet found: TEST_INPUT_FORM
11:35:12.539 [main] INFO  com.identifycourses.pages.EnterprisePage - Filling form
11:35:15.473 [main] INFO  com.identifycourses.pages.EnterprisePage - Submitting form
11:35:18.791 [main] INFO  com.identifycourses.pages.EnterprisePage - Message - Invalid Input
11:35:19.457 [main] INFO  com.identifycourses.pages.EnterprisePage - Filling form
11:35:21.871 [main] INFO  com.identifycourses.pages.EnterprisePage - Submitting form
11:35:23.800 [main] INFO  com.identifycourses.pages.EnterprisePage - Message - Invalid Input
  Then the user fills the form with test data                        # com.identifycourses.stepdefinitions.EnterpriseFormSteps.the_user_fills_the_form_with_test_data()
11:35:24.383 [main] INFO  com.identifycourses.base.DriverSetup - Closing browser and cleaning up resources
11:35:32.083 [main] INFO  com.identifycourses.base.DriverSetup - Browser closed successfully
]]></system-out>
  </testcase>
</testsuite>