<?xml version="1.0" encoding="UTF-8"?>
<!-- Generated by org.testng.reporters.JUnitReportReporter -->
<testsuite hostname="LTIN654042" failures="0" tests="6" name="com.identifycourses.tests.Tester" time="45.667" errors="0" timestamp="2025-08-22T11:46:31 IST" skipped="0">
  <testcase classname="com.identifycourses.tests.Tester" name="searchWebDevCourse" time="4.101"/>
  <testcase classname="com.identifycourses.tests.Tester" name="filterWebDevCourses" time="9.016"/>
  <testcase classname="com.identifycourses.tests.Tester" name="learningLanguages" time="7.498"/>
  <testcase classname="com.identifycourses.tests.Tester" name="navigateToEnterprisePage" time="14.161"/>
  <testcase classname="com.identifycourses.tests.Tester" name="fillForm" time="4.837"/>
  <testcase classname="com.identifycourses.tests.Tester" name="fillForm" time="6.054"/>
</testsuite> <!-- com.identifycourses.tests.Tester -->
