<?xml version="1.0" encoding="UTF-8"?>
<!-- Generated by org.testng.reporters.JUnitReportReporter -->
<testsuite hostname="LTIN654240" failures="0" tests="5" name="com.identifycourses.runners.TestRunner" time="143.557" errors="0" timestamp="2025-09-05T10:32:40 IST" skipped="0">
  <testcase classname="com.identifycourses.runners.TestRunner" name="runScenario" time="21.227"/>
  <testcase classname="com.identifycourses.runners.TestRunner" name="runScenario" time="21.644"/>
  <testcase classname="com.identifycourses.runners.TestRunner" name="runScenario" time="32.259"/>
  <testcase classname="com.identifycourses.runners.TestRunner" name="runScenario" time="41.692"/>
  <testcase classname="com.identifycourses.runners.TestRunner" name="runScenario" time="26.735"/>
</testsuite> <!-- com.identifycourses.runners.TestRunner -->
