<?xml version="1.0" encoding="UTF-8"?>
<!-- Generated by org.testng.reporters.JUnitReportReporter -->
<testsuite hostname="LTIN654042" failures="0" tests="5" name="com.identifycourses.runners.TestRunner" time="136.557" errors="0" timestamp="2025-09-01T11:36:10 IST" skipped="0">
  <testcase classname="com.identifycourses.runners.TestRunner" name="runScenario" time="20.358"/>
  <testcase classname="com.identifycourses.runners.TestRunner" name="runScenario" time="25.527"/>
  <testcase classname="com.identifycourses.runners.TestRunner" name="runScenario" time="40.641"/>
  <testcase classname="com.identifycourses.runners.TestRunner" name="runScenario" time="28.446"/>
  <testcase classname="com.identifycourses.runners.TestRunner" name="runScenario" time="21.585"/>
</testsuite> <!-- com.identifycourses.runners.TestRunner -->
